info it worked if it ends with ok
verbose cli [ 'C:\\Program Files (x86)\\nodejs\\\\node.exe',
verbose cli   'C:\\Program Files (x86)\\nodejs\\node_modules\\npm\\bin\\npm-cli.js',
verbose cli   'link' ]
info using npm@1.1.0-3
info using node@v0.6.9
verbose config file C:\Users\Chris\.npmrc
verbose config file C:\Program Files (x86)\nodejs\etc\npmrc
verbose config file C:\Program Files (x86)\nodejs\node_modules\npm\npmrc
verbose mkdir done: C:\Users\Chris\AppData\Roaming\npm 755
ERR! Error: npm link not supported on windows
ERR!     at EventEmitter.link (C:\Program Files (x86)\nodejs\node_modules\npm\lib\link.js:33:13)
ERR!     at Object.<anonymous> (C:\Program Files (x86)\nodejs\node_modules\npm\lib\npm.js:194:11)
ERR!     at EventEmitter.<anonymous> (C:\Program Files (x86)\nodejs\node_modules\npm\bin\npm-cli.js:77:27)
ERR!     at Array.0 (native)
ERR!     at EventEmitter._tickCallback (node.js:192:40)
ERR! You may report this log at:
ERR!     <http://github.com/isaacs/npm/issues>
ERR! or email it to:
ERR!     <npm-@googlegroups.com>
ERR! 
ERR! System Windows_NT 6.0.6002
ERR! command "C:\\Program Files (x86)\\nodejs\\\\node.exe" "C:\\Program Files (x86)\\nodejs\\node_modules\\npm\\bin\\npm-cli.js" "link"
ERR! cwd C:\Users\Chris\Projects\Boardly\client
ERR! node -v v0.6.9
ERR! npm -v 1.1.0-3
ERR! code ENOTSUP
ERR! message npm link not supported on windows
ERR! errno {}
verbose exit [ 1, true ]
